<?xml version="1.0" encoding="UTF-8"?>
<!-- Generated by org.testng.reporters.JUnitXMLReporter -->
<testsuite ignored="0" hostname="DESKTOP-OO58V26" failures="0" tests="4" name="Test" time="0.08" errors="0" timestamp="2024-08-06T12:27:45 IST">
  <testcase classname="Day21.TestNG" name="open" time="0.01"/>
  <testcase classname="Day21.TestNG" name="login" time="0.004"/>
  <testcase classname="Day21.TestNG" name="logout" time="0.002"/>
  <testcase classname="Day21.NewTestNG" name="f" time="0.001"/>
</testsuite> <!-- Test -->
