<?xml version="1.0" encoding="UTF-8"?>
<testng-results ignored="0" total="4" passed="4" failed="0" skipped="0">
  <reporter-output>
  </reporter-output>
  <suite started-at="2024-08-06T12:27:45 IST" name="Suite" finished-at="2024-08-06T12:27:45 IST" duration-ms="80">
    <groups>
    </groups>
    <test started-at="2024-08-06T12:27:45 IST" name="Test" finished-at="2024-08-06T12:27:45 IST" duration-ms="80">
      <class name="Day21.NewTestNG">
        <test-method signature="f()[pri:0, instance:Day21.NewTestNG@564fabc8]" started-at="2024-08-06T12:27:45 IST" name="f" finished-at="2024-08-06T12:27:45 IST" duration-ms="1" status="PASS">
          <reporter-output>
          </reporter-output>
        </test-method> <!-- f -->
      </class> <!-- Day21.NewTestNG -->
      <class name="Day21.TestNG">
        <test-method is-config="true" signature="beforemethod()[pri:0, instance:Day21.TestNG@399f45b1]" started-at="2024-08-06T12:27:45 IST" name="beforemethod" finished-at="2024-08-06T12:27:45 IST" duration-ms="9" status="PASS">
          <reporter-output>
          </reporter-output>
        </test-method> <!-- beforemethod -->
        <test-method signature="open()[pri:1, instance:Day21.TestNG@399f45b1]" started-at="2024-08-06T12:27:45 IST" name="open" finished-at="2024-08-06T12:27:45 IST" duration-ms="10" status="PASS">
          <reporter-output>
          </reporter-output>
        </test-method> <!-- open -->
        <test-method is-config="true" signature="after()[pri:0, instance:Day21.TestNG@399f45b1]" started-at="2024-08-06T12:27:45 IST" name="after" finished-at="2024-08-06T12:27:45 IST" duration-ms="1" status="PASS">
          <reporter-output>
          </reporter-output>
        </test-method> <!-- after -->
        <test-method signature="login()[pri:2, instance:Day21.TestNG@399f45b1]" started-at="2024-08-06T12:27:45 IST" name="login" finished-at="2024-08-06T12:27:45 IST" duration-ms="4" status="PASS">
          <reporter-output>
          </reporter-output>
        </test-method> <!-- login -->
        <test-method is-config="true" signature="after()[pri:0, instance:Day21.TestNG@399f45b1]" started-at="2024-08-06T12:27:45 IST" name="after" finished-at="2024-08-06T12:27:45 IST" duration-ms="2" status="PASS">
          <reporter-output>
          </reporter-output>
        </test-method> <!-- after -->
        <test-method signature="logout()[pri:3, instance:Day21.TestNG@399f45b1]" started-at="2024-08-06T12:27:45 IST" name="logout" finished-at="2024-08-06T12:27:45 IST" duration-ms="2" status="PASS">
          <reporter-output>
          </reporter-output>
        </test-method> <!-- logout -->
        <test-method is-config="true" signature="after()[pri:0, instance:Day21.TestNG@399f45b1]" started-at="2024-08-06T12:27:45 IST" name="after" finished-at="2024-08-06T12:27:45 IST" duration-ms="0" status="PASS">
          <reporter-output>
          </reporter-output>
        </test-method> <!-- after -->
        <test-method is-config="true" signature="after()[pri:0, instance:Day21.TestNG@399f45b1]" started-at="2024-08-06T12:27:45 IST" name="after" finished-at="2024-08-06T12:27:45 IST" duration-ms="0" status="PASS">
          <reporter-output>
          </reporter-output>
        </test-method> <!-- after -->
      </class> <!-- Day21.TestNG -->
    </test> <!-- Test -->
  </suite> <!-- Suite -->
</testng-results>
